<?xml version="1.0" encoding="UTF-8"?>
<robot generator="Robot 5.0 (Python 3.10.4 on win32)" generated="20220706 09:37:30.546" rpa="false" schemaversion="3">
<suite id="s1" name="Amazon" source="D:\Etteplan academy\RobotPractice\Tests\amazon.robot">
<test id="s1-t1" name="User must sign in to check out" line="12">
<kw name="Open Browser" library="SeleniumLibrary">
<arg>${URL}</arg>
<arg>${BROWSER}</arg>
<doc>Opens a new browser instance to the optional ``url``.</doc>
<msg timestamp="20220706 09:37:30.697" level="INFO">Opening browser 'firefox' to base url 'https://google.com/'.</msg>
<msg timestamp="20220706 09:37:30.698" level="INFO">Firefox driver log is always forced to to: D:\Etteplan academy\RobotPractice\Results\geckodriver-4.log</msg>
<status status="PASS" starttime="20220706 09:37:30.697" endtime="20220706 09:37:35.966"/>
</kw>
<kw name="Close Browser" library="SeleniumLibrary">
<doc>Closes the current browser.</doc>
<status status="PASS" starttime="20220706 09:37:35.967" endtime="20220706 09:37:36.369"/>
</kw>
<doc>This is some basic info about the test</doc>
<status status="PASS" starttime="20220706 09:37:30.697" endtime="20220706 09:37:36.369"/>
</test>
<doc>This is some basic info about the whole suite</doc>
<status status="PASS" starttime="20220706 09:37:30.547" endtime="20220706 09:37:36.370"/>
</suite>
<statistics>
<total>
<stat pass="1" fail="0" skip="0">All Tests</stat>
</total>
<tag>
</tag>
<suite>
<stat pass="1" fail="0" skip="0" id="s1" name="Amazon">Amazon</stat>
</suite>
</statistics>
<errors>
</errors>
</robot>
